#
# There is insufficient memory for the Java Runtime Environment to continue.
# Native memory allocation (mmap) failed to map 268435456 bytes for Failed to commit area from 0x0000000701c00000 to 0x0000000711c00000 of length 268435456.
# Possible reasons:
#   The system is out of physical RAM or swap space
#   The process is running with CompressedOops enabled, and the Java Heap may be blocking the growth of the native heap
# Possible solutions:
#   Reduce memory load on the system
#   Increase physical memory or swap space
#   Check if swap backing store is full
#   Decrease Java heap size (-Xmx/-Xms)
#   Decrease number of Java threads
#   Decrease Java thread stack sizes (-Xss)
#   Set larger code cache with -XX:ReservedCodeCacheSize=
# This output file may be truncated or incomplete.
#
#  Out of Memory Error (t:/workspace/open/src/hotspot/os/windows/os_windows.cpp:3301), pid=4284, tid=44256
#
# JRE version:  (13.0+33) (build )
# Java VM: Java HotSpot(TM) 64-Bit Server VM (13+33, mixed mode, aot, sharing, tiered, compressed oops, g1 gc, windows-amd64)
# No core dump will be written. Minidumps are not enabled by default on client versions of Windows
#

---------------  S U M M A R Y ------------

Command Line: --module-path=C:\Users\lilya\.m2\repository\org\openjfx\javafx-base\14\javafx-base-14-win.jar;C:\Users\lilya\.m2\repository\org\openjfx\javafx-base\14\javafx-base-14.jar;C:\Users\lilya\.m2\repository\org\openjfx\javafx-controls\14\javafx-controls-14-win.jar;C:\Users\lilya\.m2\repository\org\openjfx\javafx-controls\14\javafx-controls-14.jar;C:\Users\lilya\.m2\repository\org\openjfx\javafx-fxml\14\javafx-fxml-14-win.jar;C:\Users\lilya\.m2\repository\org\openjfx\javafx-fxml\14\javafx-fxml-14.jar;C:\Users\lilya\.m2\repository\org\openjfx\javafx-graphics\14\javafx-graphics-14-win.jar;C:\Users\lilya\.m2\repository\org\openjfx\javafx-graphics\14\javafx-graphics-14.jar --add-modules=javafx.base,javafx.controls,javafx.fxml,javafx.graphics il.cshaifasweng.OCSFMediatorExample.client.Main

Host: Intel(R) Core(TM) i7-8565U CPU @ 1.80GHz, 8 cores, 15G,  Windows 10 , 64 bit Build 18362 (10.0.18362.900)
Time: Sun Jun 21 20:44:42 2020 Jerusalem Summer Time elapsed time: 0 seconds (0d 0h 0m 0s)

---------------  T H R E A D  ---------------

Current thread (0x000002408a394800):  JavaThread "Unknown thread" [_thread_in_vm, id=44256, stack(0x000000a58d400000,0x000000a58d500000)]

Stack: [0x000000a58d400000,0x000000a58d500000]
Native frames: (J=compiled Java code, j=interpreted, Vv=VM code, C=native code)
V  [jvm.dll+0x626eaa]
V  [jvm.dll+0x772c4a]
V  [jvm.dll+0x7743ff]
V  [jvm.dll+0x774a03]
V  [jvm.dll+0x24da38]
V  [jvm.dll+0x62436a]
V  [jvm.dll+0x618f55]
V  [jvm.dll+0x30c5fc]
V  [jvm.dll+0x30c432]
V  [jvm.dll+0x311ba6]
V  [jvm.dll+0x355cc6]
V  [jvm.dll+0x3554a0]
V  [jvm.dll+0x2e727a]
V  [jvm.dll+0x2e8512]
V  [jvm.dll+0x74fcb8]
V  [jvm.dll+0x363719]
V  [jvm.dll+0x732da5]
V  [jvm.dll+0x3ce2cf]
V  [jvm.dll+0x3d05f1]
C  [jli.dll+0x51ff]
C  [ucrtbase.dll+0x20e82]
C  [KERNEL32.DLL+0x17bd4]
C  [ntdll.dll+0x6ce51]


---------------  P R O C E S S  ---------------

Threads class SMR info:
_java_thread_list=0x00007ffede3446b8, length=0, elements={
}

Java Threads: ( => current thread )

Other Threads:
  0x000002408a3fe000 GCTaskThread "GC Thread#0" [stack: 0x000000a58d500000,0x000000a58d600000] [id=20064]
  0x000002408a420000 ConcurrentGCThread "G1 Main Marker" [stack: 0x000000a58d600000,0x000000a58d700000] [id=40952]
  0x000002408a423000 ConcurrentGCThread "G1 Conc#0" [stack: 0x000000a58d700000,0x000000a58d800000] [id=21732]

[error occurred during error reporting (printing all threads), id 0xc0000005, EXCEPTION_ACCESS_VIOLATION (0xc0000005) at pc=0x00007ffeddb76f47]

VM state:not at safepoint (not fully initialized)

VM Mutex/Monitor currently owned by a thread:  ([mutex/lock_event])
[0x000002408a38fe60] Heap_lock - owner thread: 0x000002408a394800

Heap address: 0x0000000701c00000, size: 4068 MB, Compressed Oops mode: Non-zero based: 0x0000000701c00000
Narrow klass base: 0x0000000000000000, Narrow klass shift: 0

GC Heap History (0 events):
No events

Deoptimization events (0 events):
No events

Classes unloaded (0 events):
No events

Classes redefined (0 events):
No events

Internal exceptions (0 events):
No events

Events (8 events):
Event: 0.012 Loaded shared library C:\Program Files\Java\jdk-13\bin\zip.dll
Event: 0.013 Loaded shared library C:\Program Files\Java\jdk-13\bin\jimage.dll
Event: 0.016 Loading shared library C:\Program Files\Java\jdk-13\lib\libjava.base-coop.dll failed, error code 126
Event: 0.016 Loading shared library C:\Program Files\Java\jdk-13\lib\libjava.logging-coop.dll failed, error code 126
Event: 0.016 Loading shared library C:\Program Files\Java\jdk-13\lib\libjdk.compiler-coop.dll failed, error code 126
Event: 0.016 Loading shared library C:\Program Files\Java\jdk-13\lib\libjdk.scripting.nashorn-coop.dll failed, error code 126
Event: 0.016 Loading shared library C:\Program Files\Java\jdk-13\lib\libjdk.internal.vm.ci-coop.dll failed, error code 126
Event: 0.016 Loading shared library C:\Program Files\Java\jdk-13\lib\libjdk.internal.vm.compiler-coop.dll failed, error code 126


Dynamic libraries:
0x00007ff7cfaa0000 - 0x00007ff7cfaaf000 	C:\Program Files\Java\jdk-13\bin\java.exe
0x00007fff6aaa0000 - 0x00007fff6ac90000 	C:\WINDOWS\SYSTEM32\ntdll.dll
0x00007fff6a6a0000 - 0x00007fff6a752000 	C:\WINDOWS\System32\KERNEL32.DLL
0x00007fff67e00000 - 0x00007fff680a4000 	C:\WINDOWS\System32\KERNELBASE.dll
0x00007fff67a30000 - 0x00007fff67b2a000 	C:\WINDOWS\System32\ucrtbase.dll
0x00007fff46e60000 - 0x00007fff46e78000 	C:\Program Files\Java\jdk-13\bin\jli.dll
0x00007fff3f760000 - 0x00007fff3f775000 	C:\Program Files\Java\jdk-13\bin\VCRUNTIME140.dll
0x00007fff68bb0000 - 0x00007fff68c53000 	C:\WINDOWS\System32\ADVAPI32.dll
0x00007fff68c60000 - 0x00007fff68cfe000 	C:\WINDOWS\System32\msvcrt.dll
0x00007fff6a070000 - 0x00007fff6a107000 	C:\WINDOWS\System32\sechost.dll
0x00007fff6a240000 - 0x00007fff6a360000 	C:\WINDOWS\System32\RPCRT4.dll
0x00007fff6a8c0000 - 0x00007fff6aa54000 	C:\WINDOWS\System32\USER32.dll
0x00007fff67db0000 - 0x00007fff67dd1000 	C:\WINDOWS\System32\win32u.dll
0x00007fff6a3d0000 - 0x00007fff6a3f6000 	C:\WINDOWS\System32\GDI32.dll
0x00007fff521b0000 - 0x00007fff52434000 	C:\WINDOWS\WinSxS\amd64_microsoft.windows.common-controls_6595b64144ccf1df_6.0.18362.900_none_e6beb9d913147d17\COMCTL32.dll
0x00007fff68980000 - 0x00007fff68b15000 	C:\WINDOWS\System32\gdi32full.dll
0x00007fff69d30000 - 0x00007fff6a065000 	C:\WINDOWS\System32\combase.dll
0x00007fff680b0000 - 0x00007fff6814e000 	C:\WINDOWS\System32\msvcp_win.dll
0x00007fff67d30000 - 0x00007fff67db0000 	C:\WINDOWS\System32\bcryptPrimitives.dll
0x00007fff61240000 - 0x00007fff6124a000 	C:\WINDOWS\SYSTEM32\VERSION.dll
0x00007fff6a200000 - 0x00007fff6a22e000 	C:\WINDOWS\System32\IMM32.DLL
0x00007fff236c0000 - 0x00007fff2375b000 	C:\Program Files\Java\jdk-13\bin\msvcp140.dll
0x00007ffedd880000 - 0x00007ffede3e6000 	C:\Program Files\Java\jdk-13\bin\server\jvm.dll
0x00007fff68eb0000 - 0x00007fff68eb8000 	C:\WINDOWS\System32\PSAPI.DLL
0x00007fff50c60000 - 0x00007fff50c84000 	C:\WINDOWS\SYSTEM32\WINMM.dll
0x00007fff47210000 - 0x00007fff47219000 	C:\WINDOWS\SYSTEM32\WSOCK32.dll
0x00007fff6a630000 - 0x00007fff6a69f000 	C:\WINDOWS\System32\WS2_32.dll
0x00007fff50c20000 - 0x00007fff50c4d000 	C:\WINDOWS\SYSTEM32\winmmbase.dll
0x00007fff688d0000 - 0x00007fff6891a000 	C:\WINDOWS\System32\cfgmgr32.dll
0x00007fff67970000 - 0x00007fff67981000 	C:\WINDOWS\System32\kernel.appcore.dll
0x00007fff4b7b0000 - 0x00007fff4b7c0000 	C:\Program Files\Java\jdk-13\bin\verify.dll
0x00007fff57930000 - 0x00007fff57b24000 	C:\WINDOWS\SYSTEM32\DBGHELP.DLL
0x00007fff57120000 - 0x00007fff5714a000 	C:\WINDOWS\SYSTEM32\dbgcore.DLL
0x00007fff3f540000 - 0x00007fff3f566000 	C:\Program Files\Java\jdk-13\bin\java.dll
0x00007fff3f6c0000 - 0x00007fff3f6d7000 	C:\Program Files\Java\jdk-13\bin\zip.dll
0x00007fff477e0000 - 0x00007fff477ea000 	C:\Program Files\Java\jdk-13\bin\jimage.dll

dbghelp: loaded successfully - version: 4.0.5 - missing functions: none
symbol engine: initialized successfully - sym options: 0x614 - pdb path: .;C:\Program Files\Java\jdk-13\bin;C:\WINDOWS\SYSTEM32;C:\WINDOWS\WinSxS\amd64_microsoft.windows.common-controls_6595b64144ccf1df_6.0.18362.900_none_e6beb9d913147d17;C:\Program Files\Java\jdk-13\bin\server

VM Arguments:
jvm_args: --module-path=C:\Users\lilya\.m2\repository\org\openjfx\javafx-base\14\javafx-base-14-win.jar;C:\Users\lilya\.m2\repository\org\openjfx\javafx-base\14\javafx-base-14.jar;C:\Users\lilya\.m2\repository\org\openjfx\javafx-controls\14\javafx-controls-14-win.jar;C:\Users\lilya\.m2\repository\org\openjfx\javafx-controls\14\javafx-controls-14.jar;C:\Users\lilya\.m2\repository\org\openjfx\javafx-fxml\14\javafx-fxml-14-win.jar;C:\Users\lilya\.m2\repository\org\openjfx\javafx-fxml\14\javafx-fxml-14.jar;C:\Users\lilya\.m2\repository\org\openjfx\javafx-graphics\14\javafx-graphics-14-win.jar;C:\Users\lilya\.m2\repository\org\openjfx\javafx-graphics\14\javafx-graphics-14.jar --add-modules=javafx.base,javafx.controls,javafx.fxml,javafx.graphics 
java_command: il.cshaifasweng.OCSFMediatorExample.client.Main
java_class_path (initial): C:\Users\lilya\git\HSTS10\client\target\classes;C:\Users\lilya\.m2\repository\antlr\antlr\2.7.7\antlr-2.7.7.jar;C:\Users\lilya\.m2\repository\com\fasterxml\classmate\1.5.1\classmate-1.5.1.jar;C:\Users\lilya\.m2\repository\com\google\protobuf\protobuf-java\3.6.1\protobuf-java-3.6.1.jar;C:\Users\lilya\.m2\repository\com\sun\istack\istack-commons-runtime\3.0.7\istack-commons-runtime-3.0.7.jar;C:\Users\lilya\.m2\repository\com\sun\xml\fastinfoset\FastInfoset\1.2.15\FastInfoset-1.2.15.jar;C:\Users\lilya\.m2\repository\il\cshaifasweng\OCSFMediatorExample\entities\0.0.1-SNAPSHOT\entities-0.0.1-SNAPSHOT.jar;C:\Users\lilya\.m2\repository\javax\activation\javax.activation-api\1.2.0\javax.activation-api-1.2.0.jar;C:\Users\lilya\.m2\repository\javax\persistence\javax.persistence-api\2.2\javax.persistence-api-2.2.jar;C:\Users\lilya\.m2\repository\javax\xml\bind\jaxb-api\2.3.1\jaxb-api-2.3.1.jar;C:\Users\lilya\.m2\repository\mysql\mysql-connector-java\8.0.19\mysql-connector-java-8.0.19.jar;C:\Users\lilya\.m2\repository\net\bytebuddy\byte-buddy\1.10.7\byte-buddy-1.10.7.jar;C:\Users\lilya\.m2\repository\org\dom4j\dom4j\2.1.1\dom4j-2.1.1.jar;C:\Users\lilya\.m2\repository\org\glassfish\jaxb\jaxb-runtime\2.3.1\jaxb-runtime-2.3.1.jar;C:\Users\lilya\.m2\repository\org\glassfish\jaxb\txw2\2.3.1\txw2-2.3.1.jar;C:\Users\lilya\.m2\repository\org\greenrobot\eventbus\3.2.0\eventbus-3.2.0.jar;C:\Users\lilya\.m2\repository\org\hibernate\hibernate-core\5.4.12.Final\hibernate-core-5.4.12.Final.jar;C:\Users\lilya\.m2\repository\org\hibernate\common\hibernate-commons-annotations\5.1.0.Final\hibernate-commons-annotations-5.1.0.Final.jar;C:\Users\lilya\.m2\repository\org\javassist\javassist\3.24.0-GA\javassist-3.24.0-GA.jar;C:\Users\lilya\.m2\repository\org\jboss\jandex\2.1.1.Final\jandex-2.1.1.Final.jar;C:\Users\lilya\.m2\repository\org\jboss\logging\jboss-logging\3.3.2.Final\jboss-logging-3.3.2.Final.jar;C:\Users\lilya\.m2\repository\org\jboss\spec\javax\transaction\jbo
Launcher Type: SUN_STANDARD

[Global flags]
     intx CICompilerCount                          = 4                                         {product} {ergonomic}
     uint ConcGCThreads                            = 2                                         {product} {ergonomic}
     uint G1ConcRefinementThreads                  = 8                                         {product} {ergonomic}
   size_t G1HeapRegionSize                         = 1048576                                   {product} {ergonomic}
    uintx GCDrainStackTargetSize                   = 64                                        {product} {ergonomic}
   size_t InitialHeapSize                          = 268435456                                 {product} {ergonomic}
   size_t MarkStackSize                            = 4194304                                   {product} {ergonomic}
   size_t MaxHeapSize                              = 4265607168                                {product} {ergonomic}
   size_t MinHeapDeltaBytes                        = 1048576                                   {product} {ergonomic}
   size_t MinHeapSize                              = 8388608                                   {product} {ergonomic}
    uintx NonNMethodCodeHeapSize                   = 5836300                                {pd product} {ergonomic}
    uintx NonProfiledCodeHeapSize                  = 122910970                              {pd product} {ergonomic}
    uintx ProfiledCodeHeapSize                     = 122910970                              {pd product} {ergonomic}
    uintx ReservedCodeCacheSize                    = 251658240                              {pd product} {ergonomic}
     bool SegmentedCodeCache                       = true                                      {product} {ergonomic}
   size_t SoftMaxHeapSize                          = 4265607168                             {manageable} {ergonomic}
     bool UseCompressedClassPointers               = true                                 {lp64_product} {ergonomic}
     bool UseCompressedOops                        = true                                 {lp64_product} {ergonomic}
     bool UseG1GC                                  = true                                      {product} {ergonomic}
     bool UseLargePagesIndividualAllocation        = false                                  {pd product} {ergonomic}

Logging:
Log output configuration:
 #0: stdout all=warning uptime,level,tags
 #1: stderr all=off uptime,level,tags

Environment Variables:
JAVA_HOME=C:\Program Files\Java\jdk-13
PATH=C:/Program Files/Java/jdk-13.0.2/bin/server;C:/Program Files/Java/jdk-13.0.2/bin;C:\windows\system32;C:\windows;C:\windows\System32\Wbem;C:\windows\System32\WindowsPowerShell\v1.0\;C:\windows\System32\OpenSSH\;C:\Program Files (x86)\NVIDIA Corporation\PhysX\Common;C:\Program Files\NVIDIA Corporation\NVIDIA NvDLISR;C:\Program Files\Git\cmd;C:\WINDOWS\system32;C:\WINDOWS;C:\WINDOWS\System32\Wbem;C:\WINDOWS\System32\WindowsPowerShell\v1.0\;C:\WINDOWS\System32\OpenSSH\;C:\Program Files\MATLAB\R2019b\bin;C:\Program Files\Java\jdk-13\bin;C:\Users\lilya\AppData\Local\Microsoft\WindowsApps;;C:\WINDOWS\System32;
USERNAME=lilya
OS=Windows_NT
PROCESSOR_IDENTIFIER=Intel64 Family 6 Model 142 Stepping 11, GenuineIntel



---------------  S Y S T E M  ---------------

OS: Windows 10 , 64 bit Build 18362 (10.0.18362.900)

CPU:total 8 (initial active 8) (4 cores per cpu, 2 threads per core) family 6 model 142 stepping 11, cmov, cx8, fxsr, mmx, sse, sse2, sse3, ssse3, sse4.1, sse4.2, popcnt, avx, avx2, aes, clmul, erms, 3dnowpref, lzcnt, ht, tsc, tscinvbit, bmi1, bmi2, adx, fma

Memory: 4k page, system-wide physical 16271M (2204M free)
TotalPageFile size 31484M (AvailPageFile size 58M)
current process WorkingSet (physical memory assigned to process): 10M, peak: 10M
current process commit charge ("private bytes"): 61M, peak: 317M

vm_info: Java HotSpot(TM) 64-Bit Server VM (13+33) for windows-amd64 JRE (13+33), built on Sep 18 2019 21:38:00 by "mach5one" with unknown MS VC++:1916

END.
